2024-06-09 10:32:55,096.03-food-B-consumer.INFO ==================================================
2024-06-09 10:32:55,096.03-food-B-consumer.INFO Today is 2024-06-09 at 10:32 AM
2024-06-09 10:32:55,096.03-food-B-consumer.INFO Running on: nt Windows 10
2024-06-09 10:32:55,096.03-food-B-consumer.INFO Python version:  3.11.4
2024-06-09 10:32:55,096.03-food-B-consumer.INFO Python path: C:\Users\lucim\Streaming Data\streaming-05-smart-smoker\.venv
2024-06-09 10:32:55,096.03-food-B-consumer.INFO Working dir: C:\Users\lucim\Streaming Data\streaming-05-smart-smoker
2024-06-09 10:32:55,096.03-food-B-consumer.INFO ==================================================
2024-06-09 10:32:55,121.03-food-B-consumer.INFO  [*] Ready to read food temperatures. To exit press CTRL+C
2024-06-09 11:00:41,609.03-food-B-consumer.INFO  [x] Received 05/22/21 13:46:40,37.0
2024-06-09 11:00:41,609.03-food-B-consumer.INFO  [x] Current temp: 37.0
2024-06-09 11:00:44,612.03-food-B-consumer.INFO  [x] Received 05/22/21 13:46:45,37.0
2024-06-09 11:00:44,613.03-food-B-consumer.INFO  [x] Current temp: 37.0
2024-06-09 11:00:56,639.03-food-B-consumer.INFO  [x] Received 05/22/21 13:47:40,35.3
2024-06-09 11:00:56,639.03-food-B-consumer.INFO  [x] Current temp: 35.3
2024-06-09 11:00:59,641.03-food-B-consumer.INFO  [x] Received 05/22/21 13:47:45,35.3
2024-06-09 11:00:59,641.03-food-B-consumer.INFO  [x] Current temp: 35.3
2024-06-09 11:01:11,656.03-food-B-consumer.INFO  [x] Received 05/22/21 13:48:40,35.2
2024-06-09 11:01:11,656.03-food-B-consumer.INFO Alert! Food B temperature has stalled. Current temp: [35.2]
2024-06-09 11:01:14,661.03-food-B-consumer.INFO  [x] Received 05/22/21 13:48:45,35.2
2024-06-09 11:01:14,662.03-food-B-consumer.INFO  [x] Current temp: 35.2
2024-06-09 11:01:26,673.03-food-B-consumer.INFO  [x] Received 05/22/21 13:49:40,35.3
2024-06-09 11:01:26,673.03-food-B-consumer.INFO  [x] Current temp: 35.3
2024-06-09 11:01:29,675.03-food-B-consumer.INFO  [x] Received 05/22/21 13:49:45,35.3
2024-06-09 11:01:29,676.03-food-B-consumer.INFO  [x] Current temp: 35.3
2024-06-09 11:01:41,688.03-food-B-consumer.INFO  [x] Received 05/22/21 13:50:40,35.2
2024-06-09 11:01:41,688.03-food-B-consumer.INFO  [x] Current temp: 35.2
2024-06-09 11:01:44,690.03-food-B-consumer.INFO  [x] Received 05/22/21 13:50:45,35.2
2024-06-09 11:01:44,691.03-food-B-consumer.INFO  [x] Current temp: 35.2
2024-06-09 11:01:56,700.03-food-B-consumer.INFO  [x] Received 05/22/21 13:51:40,35.2
2024-06-09 11:01:56,701.03-food-B-consumer.INFO  [x] Current temp: 35.2
2024-06-09 11:01:59,707.03-food-B-consumer.INFO  [x] Received 05/22/21 13:51:45,35.2
2024-06-09 11:01:59,708.03-food-B-consumer.INFO  [x] Current temp: 35.2
2024-06-09 11:02:11,712.03-food-B-consumer.INFO  [x] Received 05/22/21 13:52:40,35.6
2024-06-09 11:02:11,714.03-food-B-consumer.INFO  [x] Current temp: 35.6
2024-06-09 11:02:14,713.03-food-B-consumer.INFO  [x] Received 05/22/21 13:52:45,35.6
2024-06-09 11:02:14,714.03-food-B-consumer.INFO  [x] Current temp: 35.6
2024-06-09 11:02:26,723.03-food-B-consumer.INFO  [x] Received 05/22/21 13:53:40,35.7
2024-06-09 11:02:26,723.03-food-B-consumer.INFO  [x] Current temp: 35.7
2024-06-09 11:02:29,725.03-food-B-consumer.INFO  [x] Received 05/22/21 13:53:45,35.7
2024-06-09 11:02:29,726.03-food-B-consumer.INFO  [x] Current temp: 35.7
2024-06-09 11:02:41,741.03-food-B-consumer.INFO  [x] Received 05/22/21 13:54:40,36.0
2024-06-09 11:02:41,741.03-food-B-consumer.INFO  [x] Current temp: 36.0
2024-06-09 11:02:52,607.03-food-B-consumer.INFO 
Closing connection. Goodbye.

